<?xml version="1.0" encoding="UTF-8"?>
<testng-results ignored="0" total="1" passed="1" failed="0" skipped="0">
  <reporter-output>
  </reporter-output>
  <suite started-at="2023-04-29T15:45:56 IST" name="Default suite" finished-at="2023-04-29T15:45:58 IST" duration-ms="1683">
    <groups>
    </groups>
    <test started-at="2023-04-29T15:45:56 IST" name="Default test" finished-at="2023-04-29T15:45:58 IST" duration-ms="1683">
      <class name="stepDefinitions.DataTransformation">
        <test-method signature="test_execution()[pri:0, instance:stepDefinitions.DataTransformation@6d4d66d2]" started-at="2023-04-29T15:45:57 IST" name="test_execution" finished-at="2023-04-29T15:45:58 IST" duration-ms="1515" status="PASS">
          <reporter-output>
          </reporter-output>
        </test-method> <!-- test_execution -->
      </class> <!-- stepDefinitions.DataTransformation -->
    </test> <!-- Default test -->
  </suite> <!-- Default suite -->
</testng-results>
